<?xml version="1.0" encoding="UTF-8"?>
<testng-results ignored="0" total="1" passed="1" failed="0" skipped="0">
  <reporter-output>
  </reporter-output>
  <suite started-at="2022-12-15T15:19:56 IST" name="Default suite" finished-at="2022-12-15T15:20:05 IST" duration-ms="9017">
    <groups>
    </groups>
    <test started-at="2022-12-15T15:19:56 IST" name="Default test" finished-at="2022-12-15T15:20:05 IST" duration-ms="9017">
      <class name="api_Testing.Api_Get_Request_Test">
        <test-method signature="response()[pri:0, instance:api_Testing.Api_Get_Request_Test@37654521]" started-at="2022-12-15T15:19:56 IST" name="response" finished-at="2022-12-15T15:20:05 IST" duration-ms="8932" status="PASS">
          <reporter-output>
          </reporter-output>
        </test-method> <!-- response -->
      </class> <!-- api_Testing.Api_Get_Request_Test -->
    </test> <!-- Default test -->
  </suite> <!-- Default suite -->
</testng-results>
